<?xml version="1.0" encoding="UTF-8"?>
<!-- Generated by org.testng.reporters.JUnitReportReporter -->
<testsuite hostname="DB-L-199" failures="0" tests="1" name="runner.BaseRunner" time="24.458" errors="0" timestamp="2023-11-26T21:28:48 IST" skipped="0">
  <testcase classname="runner.BaseRunner" name="runScenario" time="24.458"/>
  <system-out/>
</testsuite> <!-- runner.BaseRunner -->
